==5324== Memcheck, a memory error detector
==5324== Copyright (C) 2002-2009, and GNU GPL'd, by Julian Seward et al.
==5324== Using Valgrind-3.5.0 and LibVEX; rerun with -h for copyright info
==5324== Command: ./nynn_daemon
==5324== Parent PID: 3344
==5324== 
==5324== Syscall param rt_sigaction(act->sa_mask) points to uninitialised byte(s)
==5324==    at 0xCB09D7: __libc_sigaction (in /lib/libpthread-2.12.so)
==5324==    by 0xCB0AA2: sigaction (in /lib/libpthread-2.12.so)
==5324==    by 0x804A00C: main (nynn_daemon.cpp:91)
==5324==  Address 0xbebbb434 is on thread 1's stack
==5324== 
==5324== Syscall param rt_sigaction(act->sa_flags) points to uninitialised byte(s)
==5324==    at 0xCB09D7: __libc_sigaction (in /lib/libpthread-2.12.so)
==5324==    by 0xCB0AA2: sigaction (in /lib/libpthread-2.12.so)
==5324==    by 0x804A00C: main (nynn_daemon.cpp:91)
==5324==  Address 0xbebbb42c is on thread 1's stack
==5324== 
==5324== Syscall param rt_sigaction(act->sa_restorer) points to uninitialised byte(s)
==5324==    at 0xCB09D7: __libc_sigaction (in /lib/libpthread-2.12.so)
==5324==    by 0xCB0AA2: sigaction (in /lib/libpthread-2.12.so)
==5324==    by 0x804A00C: main (nynn_daemon.cpp:91)
==5324==  Address 0xbebbb430 is on thread 1's stack
==5324== 
==5324== Thread 2:
==5324== Syscall param epoll_ctl(event) points to uninitialised byte(s)
==5324==    at 0xBEC5EE: epoll_ctl (in /lib/libc-2.12.so)
==5324==    by 0xCA89E8: start_thread (in /lib/libpthread-2.12.so)
==5324==    by 0xBEBDFD: clone (in /lib/libc-2.12.so)
==5324==  Address 0x6a1334c is on thread 2's stack
==5324== 
==5324== Conditional jump or move depends on uninitialised value(s)
==5324==    at 0x804B26D: poller(void*) (nynn_daemon.cpp:311)
==5324==    by 0xCA89E8: start_thread (in /lib/libpthread-2.12.so)
==5324==    by 0xBEBDFD: clone (in /lib/libc-2.12.so)
==5324== 
==5324== Thread 6:
==5324== Conditional jump or move depends on uninitialised value(s)
==5324==    at 0x804B465: writer(void*) (nynn_daemon.cpp:336)
==5324==    by 0xCA89E8: start_thread (in /lib/libpthread-2.12.so)
==5324==    by 0xBEBDFD: clone (in /lib/libc-2.12.so)
==5324== 
