==5213== Memcheck, a memory error detector
==5213== Copyright (C) 2002-2009, and GNU GPL'd, by Julian Seward et al.
==5213== Using Valgrind-3.5.0 and LibVEX; rerun with -h for copyright info
==5213== Command: ./nynn_daemon
==5213== Parent PID: 3344
==5213== 
==5213== Syscall param rt_sigaction(act->sa_mask) points to uninitialised byte(s)
==5213==    at 0xCB09D7: __libc_sigaction (in /lib/libpthread-2.12.so)
==5213==    by 0xCB0AA2: sigaction (in /lib/libpthread-2.12.so)
==5213==    by 0x804A00C: main (nynn_daemon.cpp:91)
==5213==  Address 0xbef21434 is on thread 1's stack
==5213== 
==5213== Syscall param rt_sigaction(act->sa_flags) points to uninitialised byte(s)
==5213==    at 0xCB09D7: __libc_sigaction (in /lib/libpthread-2.12.so)
==5213==    by 0xCB0AA2: sigaction (in /lib/libpthread-2.12.so)
==5213==    by 0x804A00C: main (nynn_daemon.cpp:91)
==5213==  Address 0xbef2142c is on thread 1's stack
==5213== 
==5213== Syscall param rt_sigaction(act->sa_restorer) points to uninitialised byte(s)
==5213==    at 0xCB09D7: __libc_sigaction (in /lib/libpthread-2.12.so)
==5213==    by 0xCB0AA2: sigaction (in /lib/libpthread-2.12.so)
==5213==    by 0x804A00C: main (nynn_daemon.cpp:91)
==5213==  Address 0xbef21430 is on thread 1's stack
==5213== 
==5213== Thread 2:
==5213== Syscall param epoll_ctl(event) points to uninitialised byte(s)
==5213==    at 0xBEC5EE: epoll_ctl (in /lib/libc-2.12.so)
==5213==    by 0xCA89E8: start_thread (in /lib/libpthread-2.12.so)
==5213==    by 0xBEBDFD: clone (in /lib/libc-2.12.so)
==5213==  Address 0x6a1334c is on thread 2's stack
==5213== 
==5213== Conditional jump or move depends on uninitialised value(s)
==5213==    at 0x804B26D: poller(void*) (nynn_daemon.cpp:311)
==5213==    by 0xCA89E8: start_thread (in /lib/libpthread-2.12.so)
==5213==    by 0xBEBDFD: clone (in /lib/libc-2.12.so)
==5213== 
==5213== Thread 6:
==5213== Conditional jump or move depends on uninitialised value(s)
==5213==    at 0x804B465: writer(void*) (nynn_daemon.cpp:336)
==5213==    by 0xCA89E8: start_thread (in /lib/libpthread-2.12.so)
==5213==    by 0xBEBDFD: clone (in /lib/libc-2.12.so)
==5213== 
